<?xml version="1.0" encoding="UTF-8"?>
<testsuite xmlns:xsi="http://www.w3.org/2001/XMLSchema-instance" xsi:noNamespaceSchemaLocation="https://maven.apache.org/surefire/maven-surefire-plugin/xsd/surefire-test-report-3.0.xsd" version="3.0" name="com.eazybytes.accounts.AccountsApplicationTests" time="14.316" tests="1" errors="0" skipped="0" failures="0">
  <properties>
[...]
</properties>
  <testcase name="contextLoads" classname="com.eazybytes.accounts.AccountsApplicationTests" time="1.227">
    <system-out><![CDATA[12:53:24.595 [main] INFO org.springframework.test.context.support.AnnotationConfigContextLoaderUtils -- Could not detect default configuration classes for test class [com.eazybytes.accounts.AccountsApplicationTests]: AccountsApplicationTests does not declare any static, non-private, non-final, nested classes annotated with @Configuration.
12:53:24.818 [main] INFO org.springframework.boot.test.context.SpringBootTestContextBootstrapper -- Found @SpringBootConfiguration com.eazybytes.accounts.AccountsApplication for test class com.eazybytes.accounts.AccountsApplicationTests
12:53:25.199 [main] INFO org.springframework.boot.devtools.restart.RestartApplicationListener -- Restart disabled due to context in which it is running

  .   ____          _            __ _ _
 /\\ / ___'_ __ _ _(_)_ __  __ _ \ \ \ \
( ( )\___ | '_ | '_| | '_ \/ _` | \ \ \ \
 \\/  ___)| |_)| | | | | || (_| |  ) ) ) )
  '  |____| .__|_| |_|_| |_\__, | / / / /
 =========|_|==============|___/=/_/_/_/

 :: Spring Boot ::                (v3.3.2)

2024-12-31T12:53:25.886+05:30  INFO 3936 --- [           main] c.e.accounts.AccountsApplicationTests    : Starting AccountsApplicationTests using Java 17.0.6 with PID 3936 (started by zahid in D:\Copied Project\Docker\section4\accounts)
2024-12-31T12:53:25.889+05:30  INFO 3936 --- [           main] c.e.accounts.AccountsApplicationTests    : No active profile set, falling back to 1 default profile: "default"
2024-12-31T12:53:28.347+05:30  INFO 3936 --- [           main] .s.d.r.c.RepositoryConfigurationDelegate : Bootstrapping Spring Data JPA repositories in DEFAULT mode.
2024-12-31T12:53:28.461+05:30  INFO 3936 --- [           main] .s.d.r.c.RepositoryConfigurationDelegate : Finished Spring Data repository scanning in 97 ms. Found 2 JPA repository interfaces.
2024-12-31T12:53:29.671+05:30  INFO 3936 --- [           main] com.zaxxer.hikari.HikariDataSource       : HikariPool-1 - Starting...
2024-12-31T12:53:30.071+05:30  INFO 3936 --- [           main] com.zaxxer.hikari.pool.HikariPool        : HikariPool-1 - Added connection conn0: url=jdbc:h2:mem:testdb user=SA
2024-12-31T12:53:30.075+05:30  INFO 3936 --- [           main] com.zaxxer.hikari.HikariDataSource       : HikariPool-1 - Start completed.
2024-12-31T12:53:30.342+05:30  INFO 3936 --- [           main] o.hibernate.jpa.internal.util.LogHelper  : HHH000204: Processing PersistenceUnitInfo [name: default]
2024-12-31T12:53:30.479+05:30  INFO 3936 --- [           main] org.hibernate.Version                    : HHH000412: Hibernate ORM core version 6.5.2.Final
2024-12-31T12:53:30.560+05:30  INFO 3936 --- [           main] o.h.c.internal.RegionFactoryInitiator    : HHH000026: Second-level cache disabled
2024-12-31T12:53:31.338+05:30  INFO 3936 --- [           main] o.s.o.j.p.SpringPersistenceUnitInfo      : No LoadTimeWeaver setup: ignoring JPA class transformer
2024-12-31T12:53:31.446+05:30  WARN 3936 --- [           main] org.hibernate.orm.deprecation            : HHH90000025: H2Dialect does not need to be specified explicitly using 'hibernate.dialect' (remove the property setting and it will be selected by default)
2024-12-31T12:53:33.142+05:30  INFO 3936 --- [           main] o.h.e.t.j.p.i.JtaPlatformInitiator       : HHH000489: No JTA platform available (set 'hibernate.transaction.jta.platform' to enable JTA platform integration)
Hibernate: alter table if exists accounts alter column account_number set data type bigint
Hibernate: alter table if exists accounts alter column created_at set data type timestamp(6)
Hibernate: alter table if exists accounts alter column created_by set data type varchar(255)
Hibernate: alter table if exists accounts alter column updated_at set data type timestamp(6)
Hibernate: alter table if exists accounts alter column updated_by set data type varchar(255)
Hibernate: alter table if exists accounts alter column account_type set data type varchar(255)
Hibernate: alter table if exists accounts alter column branch_address set data type varchar(255)
Hibernate: alter table if exists accounts alter column customer_id set data type bigint
Hibernate: alter table if exists customer alter column customer_id set data type bigint
Hibernate: alter table if exists customer alter column created_at set data type timestamp(6)
Hibernate: alter table if exists customer alter column created_by set data type varchar(255)
Hibernate: alter table if exists customer alter column updated_at set data type timestamp(6)
Hibernate: alter table if exists customer alter column updated_by set data type varchar(255)
Hibernate: alter table if exists customer alter column email set data type varchar(255)
Hibernate: alter table if exists customer alter column mobile_number set data type varchar(255)
Hibernate: alter table if exists customer alter column name set data type varchar(255)
2024-12-31T12:53:33.279+05:30  INFO 3936 --- [           main] j.LocalContainerEntityManagerFactoryBean : Initialized JPA EntityManagerFactory for persistence unit 'default'
2024-12-31T12:53:34.864+05:30  WARN 3936 --- [           main] JpaBaseConfiguration$JpaWebConfiguration : spring.jpa.open-in-view is enabled by default. Therefore, database queries may be performed during view rendering. Explicitly configure spring.jpa.open-in-view to disable this warning
2024-12-31T12:53:36.798+05:30  INFO 3936 --- [           main] o.s.b.a.h2.H2ConsoleAutoConfiguration    : H2 console available at '/h2-console'. Database available at 'jdbc:h2:mem:testdb'
2024-12-31T12:53:36.954+05:30  INFO 3936 --- [           main] o.s.b.a.e.web.EndpointLinksResolver      : Exposing 1 endpoint beneath base path '/actuator'
2024-12-31T12:53:37.156+05:30  INFO 3936 --- [           main] c.e.accounts.AccountsApplicationTests    : Started AccountsApplicationTests in 11.988 seconds (process running for 14.774)
]]></system-out>
  </testcase>
</testsuite>